<?xml version="1.0" encoding="UTF-8"?>
<testsuite xmlns:xsi="http://www.w3.org/2001/XMLSchema-instance" xsi:noNamespaceSchemaLocation="https://maven.apache.org/surefire/maven-surefire-plugin/xsd/surefire-test-report.xsd" name="com.example.alipaydemo.AlipaydemoApplicationTests" time="10.853" tests="1" errors="0" skipped="0" failures="0">
  <properties>
    <property name="sun.desktop" value="windows"/>
    <property name="awt.toolkit" value="sun.awt.windows.WToolkit"/>
    <property name="file.encoding.pkg" value="sun.io"/>
    <property name="java.specification.version" value="1.8"/>
    <property name="sun.cpu.isalist" value="amd64"/>
    <property name="sun.jnu.encoding" value="GBK"/>
    <property name="java.class.path" value="F:\alipayDemo\target\test-classes;F:\alipayDemo\target\classes;F:\mvn repository\org\springframework\boot\spring-boot-starter\2.5.2\spring-boot-starter-2.5.2.jar;F:\mvn repository\org\springframework\boot\spring-boot\2.5.2\spring-boot-2.5.2.jar;F:\mvn repository\org\springframework\spring-context\5.3.8\spring-context-5.3.8.jar;F:\mvn repository\org\springframework\boot\spring-boot-autoconfigure\2.5.2\spring-boot-autoconfigure-2.5.2.jar;F:\mvn repository\org\springframework\boot\spring-boot-starter-logging\2.5.2\spring-boot-starter-logging-2.5.2.jar;F:\mvn repository\ch\qos\logback\logback-classic\1.2.3\logback-classic-1.2.3.jar;F:\mvn repository\ch\qos\logback\logback-core\1.2.3\logback-core-1.2.3.jar;F:\mvn repository\org\apache\logging\log4j\log4j-to-slf4j\2.14.1\log4j-to-slf4j-2.14.1.jar;F:\mvn repository\org\apache\logging\log4j\log4j-api\2.14.1\log4j-api-2.14.1.jar;F:\mvn repository\org\slf4j\jul-to-slf4j\1.7.31\jul-to-slf4j-1.7.31.jar;F:\mvn repository\jakarta\annotation\jakarta.annotation-api\1.3.5\jakarta.annotation-api-1.3.5.jar;F:\mvn repository\org\springframework\spring-core\5.3.8\spring-core-5.3.8.jar;F:\mvn repository\org\springframework\spring-jcl\5.3.8\spring-jcl-5.3.8.jar;F:\mvn repository\org\yaml\snakeyaml\1.28\snakeyaml-1.28.jar;F:\mvn repository\org\springframework\boot\spring-boot-devtools\2.5.2\spring-boot-devtools-2.5.2.jar;F:\mvn repository\org\projectlombok\lombok\1.18.20\lombok-1.18.20.jar;F:\mvn repository\org\springframework\boot\spring-boot-starter-test\2.5.2\spring-boot-starter-test-2.5.2.jar;F:\mvn repository\org\springframework\boot\spring-boot-test\2.5.2\spring-boot-test-2.5.2.jar;F:\mvn repository\org\springframework\boot\spring-boot-test-autoconfigure\2.5.2\spring-boot-test-autoconfigure-2.5.2.jar;F:\mvn repository\com\jayway\jsonpath\json-path\2.5.0\json-path-2.5.0.jar;F:\mvn repository\net\minidev\json-smart\2.4.7\json-smart-2.4.7.jar;F:\mvn repository\net\minidev\accessors-smart\2.4.7\accessors-smart-2.4.7.jar;F:\mvn repository\org\ow2\asm\asm\9.1\asm-9.1.jar;F:\mvn repository\org\slf4j\slf4j-api\1.7.31\slf4j-api-1.7.31.jar;F:\mvn repository\jakarta\xml\bind\jakarta.xml.bind-api\2.3.3\jakarta.xml.bind-api-2.3.3.jar;F:\mvn repository\jakarta\activation\jakarta.activation-api\1.2.2\jakarta.activation-api-1.2.2.jar;F:\mvn repository\org\assertj\assertj-core\3.19.0\assertj-core-3.19.0.jar;F:\mvn repository\org\hamcrest\hamcrest\2.2\hamcrest-2.2.jar;F:\mvn repository\org\junit\jupiter\junit-jupiter\5.7.2\junit-jupiter-5.7.2.jar;F:\mvn repository\org\junit\jupiter\junit-jupiter-api\5.7.2\junit-jupiter-api-5.7.2.jar;F:\mvn repository\org\apiguardian\apiguardian-api\1.1.0\apiguardian-api-1.1.0.jar;F:\mvn repository\org\opentest4j\opentest4j\1.2.0\opentest4j-1.2.0.jar;F:\mvn repository\org\junit\platform\junit-platform-commons\1.7.2\junit-platform-commons-1.7.2.jar;F:\mvn repository\org\junit\jupiter\junit-jupiter-params\5.7.2\junit-jupiter-params-5.7.2.jar;F:\mvn repository\org\junit\jupiter\junit-jupiter-engine\5.7.2\junit-jupiter-engine-5.7.2.jar;F:\mvn repository\org\junit\platform\junit-platform-engine\1.7.2\junit-platform-engine-1.7.2.jar;F:\mvn repository\org\mockito\mockito-core\3.9.0\mockito-core-3.9.0.jar;F:\mvn repository\net\bytebuddy\byte-buddy\1.10.22\byte-buddy-1.10.22.jar;F:\mvn repository\net\bytebuddy\byte-buddy-agent\1.10.22\byte-buddy-agent-1.10.22.jar;F:\mvn repository\org\objenesis\objenesis\3.2\objenesis-3.2.jar;F:\mvn repository\org\mockito\mockito-junit-jupiter\3.9.0\mockito-junit-jupiter-3.9.0.jar;F:\mvn repository\org\skyscreamer\jsonassert\1.5.0\jsonassert-1.5.0.jar;F:\mvn repository\com\vaadin\external\google\android-json\0.0.20131108.vaadin1\android-json-0.0.20131108.vaadin1.jar;F:\mvn repository\org\springframework\spring-test\5.3.8\spring-test-5.3.8.jar;F:\mvn repository\org\xmlunit\xmlunit-core\2.8.2\xmlunit-core-2.8.2.jar;F:\mvn repository\com\alipay\sdk\alipay-easysdk\2.1.0\alipay-easysdk-2.1.0.jar;F:\mvn repository\com\alipay\sdk\easysdk-kernel\1.0.4\easysdk-kernel-1.0.4.jar;F:\mvn repository\com\aliyun\tea\1.0.7\tea-1.0.7.jar;F:\mvn repository\com\squareup\okhttp3\okhttp\3.14.9\okhttp-3.14.9.jar;F:\mvn repository\com\squareup\okio\okio\1.17.2\okio-1.17.2.jar;F:\mvn repository\org\jacoco\org.jacoco.agent\0.8.4\org.jacoco.agent-0.8.4-runtime.jar;F:\mvn repository\com\google\guava\guava\28.1-jre\guava-28.1-jre.jar;F:\mvn repository\com\google\guava\failureaccess\1.0.1\failureaccess-1.0.1.jar;F:\mvn repository\com\google\guava\listenablefuture\9999.0-empty-to-avoid-conflict-with-guava\listenablefuture-9999.0-empty-to-avoid-conflict-with-guava.jar;F:\mvn repository\com\google\code\findbugs\jsr305\3.0.2\jsr305-3.0.2.jar;F:\mvn repository\org\checkerframework\checker-qual\2.8.1\checker-qual-2.8.1.jar;F:\mvn repository\com\google\errorprone\error_prone_annotations\2.3.2\error_prone_annotations-2.3.2.jar;F:\mvn repository\com\google\j2objc\j2objc-annotations\1.3\j2objc-annotations-1.3.jar;F:\mvn repository\org\codehaus\mojo\animal-sniffer-annotations\1.18\animal-sniffer-annotations-1.18.jar;F:\mvn repository\com\google\code\gson\gson\2.8.7\gson-2.8.7.jar;F:\mvn repository\org\bouncycastle\bcprov-jdk15on\1.64\bcprov-jdk15on-1.64.jar;F:\mvn repository\javax\servlet\javax.servlet-api\4.0.1\javax.servlet-api-4.0.1.jar;F:\mvn repository\org\mybatis\mybatis\3.5.6\mybatis-3.5.6.jar;F:\mvn repository\org\apache\httpcomponents\httpcore\4.4.14\httpcore-4.4.14.jar;F:\mvn repository\io\swagger\swagger-annotations\1.5.21\swagger-annotations-1.5.21.jar;F:\mvn repository\org\springframework\spring-web\5.3.8\spring-web-5.3.8.jar;F:\mvn repository\org\springframework\spring-beans\5.3.8\spring-beans-5.3.8.jar;F:\mvn repository\com\fasterxml\jackson\core\jackson-databind\2.10.5.1\jackson-databind-2.10.5.1.jar;F:\mvn repository\com\fasterxml\jackson\core\jackson-annotations\2.12.3\jackson-annotations-2.12.3.jar;F:\mvn repository\com\fasterxml\jackson\core\jackson-core\2.12.3\jackson-core-2.12.3.jar;F:\mvn repository\org\springframework\boot\spring-boot-starter-web\2.5.2\spring-boot-starter-web-2.5.2.jar;F:\mvn repository\org\springframework\boot\spring-boot-starter-json\2.5.2\spring-boot-starter-json-2.5.2.jar;F:\mvn repository\com\fasterxml\jackson\datatype\jackson-datatype-jdk8\2.12.3\jackson-datatype-jdk8-2.12.3.jar;F:\mvn repository\com\fasterxml\jackson\datatype\jackson-datatype-jsr310\2.12.3\jackson-datatype-jsr310-2.12.3.jar;F:\mvn repository\com\fasterxml\jackson\module\jackson-module-parameter-names\2.12.3\jackson-module-parameter-names-2.12.3.jar;F:\mvn repository\org\springframework\boot\spring-boot-starter-tomcat\2.5.2\spring-boot-starter-tomcat-2.5.2.jar;F:\mvn repository\org\apache\tomcat\embed\tomcat-embed-core\9.0.48\tomcat-embed-core-9.0.48.jar;F:\mvn repository\org\apache\tomcat\embed\tomcat-embed-el\9.0.48\tomcat-embed-el-9.0.48.jar;F:\mvn repository\org\apache\tomcat\embed\tomcat-embed-websocket\9.0.48\tomcat-embed-websocket-9.0.48.jar;F:\mvn repository\org\springframework\spring-webmvc\5.3.8\spring-webmvc-5.3.8.jar;F:\mvn repository\org\springframework\spring-aop\5.3.8\spring-aop-5.3.8.jar;F:\mvn repository\org\springframework\spring-expression\5.3.8\spring-expression-5.3.8.jar;F:\mvn repository\org\springframework\boot\spring-boot-starter-thymeleaf\2.1.6.RELEASE\spring-boot-starter-thymeleaf-2.1.6.RELEASE.jar;F:\mvn repository\org\thymeleaf\thymeleaf-spring5\3.0.12.RELEASE\thymeleaf-spring5-3.0.12.RELEASE.jar;F:\mvn repository\org\thymeleaf\thymeleaf\3.0.12.RELEASE\thymeleaf-3.0.12.RELEASE.jar;F:\mvn repository\org\attoparser\attoparser\2.0.5.RELEASE\attoparser-2.0.5.RELEASE.jar;F:\mvn repository\org\unbescape\unbescape\1.1.6.RELEASE\unbescape-1.1.6.RELEASE.jar;F:\mvn repository\org\thymeleaf\extras\thymeleaf-extras-java8time\3.0.4.RELEASE\thymeleaf-extras-java8time-3.0.4.RELEASE.jar;"/>
    <property name="java.vm.vendor" value="Oracle Corporation"/>
    <property name="sun.arch.data.model" value="64"/>
    <property name="user.variant" value=""/>
    <property name="java.vendor.url" value="http://java.oracle.com/"/>
    <property name="user.timezone" value="Asia/Shanghai"/>
    <property name="java.vm.specification.version" value="1.8"/>
    <property name="os.name" value="Windows 10"/>
    <property name="user.country" value="CN"/>
    <property name="sun.java.launcher" value="SUN_STANDARD"/>
    <property name="sun.boot.library.path" value="C:\Program Files\Java\jdk1.8.0_181\jre\bin"/>
    <property name="sun.java.command" value="C:\Users\lxc\AppData\Local\Temp\surefire6175359421854074655\surefirebooter3168236118534568611.jar C:\Users\lxc\AppData\Local\Temp\surefire6175359421854074655 2021-07-22T15-25-33_413-jvmRun1 surefire3833106985001197749tmp surefire_05349596258109568555tmp"/>
    <property name="surefire.test.class.path" value="F:\alipayDemo\target\test-classes;F:\alipayDemo\target\classes;F:\mvn repository\org\springframework\boot\spring-boot-starter\2.5.2\spring-boot-starter-2.5.2.jar;F:\mvn repository\org\springframework\boot\spring-boot\2.5.2\spring-boot-2.5.2.jar;F:\mvn repository\org\springframework\spring-context\5.3.8\spring-context-5.3.8.jar;F:\mvn repository\org\springframework\boot\spring-boot-autoconfigure\2.5.2\spring-boot-autoconfigure-2.5.2.jar;F:\mvn repository\org\springframework\boot\spring-boot-starter-logging\2.5.2\spring-boot-starter-logging-2.5.2.jar;F:\mvn repository\ch\qos\logback\logback-classic\1.2.3\logback-classic-1.2.3.jar;F:\mvn repository\ch\qos\logback\logback-core\1.2.3\logback-core-1.2.3.jar;F:\mvn repository\org\apache\logging\log4j\log4j-to-slf4j\2.14.1\log4j-to-slf4j-2.14.1.jar;F:\mvn repository\org\apache\logging\log4j\log4j-api\2.14.1\log4j-api-2.14.1.jar;F:\mvn repository\org\slf4j\jul-to-slf4j\1.7.31\jul-to-slf4j-1.7.31.jar;F:\mvn repository\jakarta\annotation\jakarta.annotation-api\1.3.5\jakarta.annotation-api-1.3.5.jar;F:\mvn repository\org\springframework\spring-core\5.3.8\spring-core-5.3.8.jar;F:\mvn repository\org\springframework\spring-jcl\5.3.8\spring-jcl-5.3.8.jar;F:\mvn repository\org\yaml\snakeyaml\1.28\snakeyaml-1.28.jar;F:\mvn repository\org\springframework\boot\spring-boot-devtools\2.5.2\spring-boot-devtools-2.5.2.jar;F:\mvn repository\org\projectlombok\lombok\1.18.20\lombok-1.18.20.jar;F:\mvn repository\org\springframework\boot\spring-boot-starter-test\2.5.2\spring-boot-starter-test-2.5.2.jar;F:\mvn repository\org\springframework\boot\spring-boot-test\2.5.2\spring-boot-test-2.5.2.jar;F:\mvn repository\org\springframework\boot\spring-boot-test-autoconfigure\2.5.2\spring-boot-test-autoconfigure-2.5.2.jar;F:\mvn repository\com\jayway\jsonpath\json-path\2.5.0\json-path-2.5.0.jar;F:\mvn repository\net\minidev\json-smart\2.4.7\json-smart-2.4.7.jar;F:\mvn repository\net\minidev\accessors-smart\2.4.7\accessors-smart-2.4.7.jar;F:\mvn repository\org\ow2\asm\asm\9.1\asm-9.1.jar;F:\mvn repository\org\slf4j\slf4j-api\1.7.31\slf4j-api-1.7.31.jar;F:\mvn repository\jakarta\xml\bind\jakarta.xml.bind-api\2.3.3\jakarta.xml.bind-api-2.3.3.jar;F:\mvn repository\jakarta\activation\jakarta.activation-api\1.2.2\jakarta.activation-api-1.2.2.jar;F:\mvn repository\org\assertj\assertj-core\3.19.0\assertj-core-3.19.0.jar;F:\mvn repository\org\hamcrest\hamcrest\2.2\hamcrest-2.2.jar;F:\mvn repository\org\junit\jupiter\junit-jupiter\5.7.2\junit-jupiter-5.7.2.jar;F:\mvn repository\org\junit\jupiter\junit-jupiter-api\5.7.2\junit-jupiter-api-5.7.2.jar;F:\mvn repository\org\apiguardian\apiguardian-api\1.1.0\apiguardian-api-1.1.0.jar;F:\mvn repository\org\opentest4j\opentest4j\1.2.0\opentest4j-1.2.0.jar;F:\mvn repository\org\junit\platform\junit-platform-commons\1.7.2\junit-platform-commons-1.7.2.jar;F:\mvn repository\org\junit\jupiter\junit-jupiter-params\5.7.2\junit-jupiter-params-5.7.2.jar;F:\mvn repository\org\junit\jupiter\junit-jupiter-engine\5.7.2\junit-jupiter-engine-5.7.2.jar;F:\mvn repository\org\junit\platform\junit-platform-engine\1.7.2\junit-platform-engine-1.7.2.jar;F:\mvn repository\org\mockito\mockito-core\3.9.0\mockito-core-3.9.0.jar;F:\mvn repository\net\bytebuddy\byte-buddy\1.10.22\byte-buddy-1.10.22.jar;F:\mvn repository\net\bytebuddy\byte-buddy-agent\1.10.22\byte-buddy-agent-1.10.22.jar;F:\mvn repository\org\objenesis\objenesis\3.2\objenesis-3.2.jar;F:\mvn repository\org\mockito\mockito-junit-jupiter\3.9.0\mockito-junit-jupiter-3.9.0.jar;F:\mvn repository\org\skyscreamer\jsonassert\1.5.0\jsonassert-1.5.0.jar;F:\mvn repository\com\vaadin\external\google\android-json\0.0.20131108.vaadin1\android-json-0.0.20131108.vaadin1.jar;F:\mvn repository\org\springframework\spring-test\5.3.8\spring-test-5.3.8.jar;F:\mvn repository\org\xmlunit\xmlunit-core\2.8.2\xmlunit-core-2.8.2.jar;F:\mvn repository\com\alipay\sdk\alipay-easysdk\2.1.0\alipay-easysdk-2.1.0.jar;F:\mvn repository\com\alipay\sdk\easysdk-kernel\1.0.4\easysdk-kernel-1.0.4.jar;F:\mvn repository\com\aliyun\tea\1.0.7\tea-1.0.7.jar;F:\mvn repository\com\squareup\okhttp3\okhttp\3.14.9\okhttp-3.14.9.jar;F:\mvn repository\com\squareup\okio\okio\1.17.2\okio-1.17.2.jar;F:\mvn repository\org\jacoco\org.jacoco.agent\0.8.4\org.jacoco.agent-0.8.4-runtime.jar;F:\mvn repository\com\google\guava\guava\28.1-jre\guava-28.1-jre.jar;F:\mvn repository\com\google\guava\failureaccess\1.0.1\failureaccess-1.0.1.jar;F:\mvn repository\com\google\guava\listenablefuture\9999.0-empty-to-avoid-conflict-with-guava\listenablefuture-9999.0-empty-to-avoid-conflict-with-guava.jar;F:\mvn repository\com\google\code\findbugs\jsr305\3.0.2\jsr305-3.0.2.jar;F:\mvn repository\org\checkerframework\checker-qual\2.8.1\checker-qual-2.8.1.jar;F:\mvn repository\com\google\errorprone\error_prone_annotations\2.3.2\error_prone_annotations-2.3.2.jar;F:\mvn repository\com\google\j2objc\j2objc-annotations\1.3\j2objc-annotations-1.3.jar;F:\mvn repository\org\codehaus\mojo\animal-sniffer-annotations\1.18\animal-sniffer-annotations-1.18.jar;F:\mvn repository\com\google\code\gson\gson\2.8.7\gson-2.8.7.jar;F:\mvn repository\org\bouncycastle\bcprov-jdk15on\1.64\bcprov-jdk15on-1.64.jar;F:\mvn repository\javax\servlet\javax.servlet-api\4.0.1\javax.servlet-api-4.0.1.jar;F:\mvn repository\org\mybatis\mybatis\3.5.6\mybatis-3.5.6.jar;F:\mvn repository\org\apache\httpcomponents\httpcore\4.4.14\httpcore-4.4.14.jar;F:\mvn repository\io\swagger\swagger-annotations\1.5.21\swagger-annotations-1.5.21.jar;F:\mvn repository\org\springframework\spring-web\5.3.8\spring-web-5.3.8.jar;F:\mvn repository\org\springframework\spring-beans\5.3.8\spring-beans-5.3.8.jar;F:\mvn repository\com\fasterxml\jackson\core\jackson-databind\2.10.5.1\jackson-databind-2.10.5.1.jar;F:\mvn repository\com\fasterxml\jackson\core\jackson-annotations\2.12.3\jackson-annotations-2.12.3.jar;F:\mvn repository\com\fasterxml\jackson\core\jackson-core\2.12.3\jackson-core-2.12.3.jar;F:\mvn repository\org\springframework\boot\spring-boot-starter-web\2.5.2\spring-boot-starter-web-2.5.2.jar;F:\mvn repository\org\springframework\boot\spring-boot-starter-json\2.5.2\spring-boot-starter-json-2.5.2.jar;F:\mvn repository\com\fasterxml\jackson\datatype\jackson-datatype-jdk8\2.12.3\jackson-datatype-jdk8-2.12.3.jar;F:\mvn repository\com\fasterxml\jackson\datatype\jackson-datatype-jsr310\2.12.3\jackson-datatype-jsr310-2.12.3.jar;F:\mvn repository\com\fasterxml\jackson\module\jackson-module-parameter-names\2.12.3\jackson-module-parameter-names-2.12.3.jar;F:\mvn repository\org\springframework\boot\spring-boot-starter-tomcat\2.5.2\spring-boot-starter-tomcat-2.5.2.jar;F:\mvn repository\org\apache\tomcat\embed\tomcat-embed-core\9.0.48\tomcat-embed-core-9.0.48.jar;F:\mvn repository\org\apache\tomcat\embed\tomcat-embed-el\9.0.48\tomcat-embed-el-9.0.48.jar;F:\mvn repository\org\apache\tomcat\embed\tomcat-embed-websocket\9.0.48\tomcat-embed-websocket-9.0.48.jar;F:\mvn repository\org\springframework\spring-webmvc\5.3.8\spring-webmvc-5.3.8.jar;F:\mvn repository\org\springframework\spring-aop\5.3.8\spring-aop-5.3.8.jar;F:\mvn repository\org\springframework\spring-expression\5.3.8\spring-expression-5.3.8.jar;F:\mvn repository\org\springframework\boot\spring-boot-starter-thymeleaf\2.1.6.RELEASE\spring-boot-starter-thymeleaf-2.1.6.RELEASE.jar;F:\mvn repository\org\thymeleaf\thymeleaf-spring5\3.0.12.RELEASE\thymeleaf-spring5-3.0.12.RELEASE.jar;F:\mvn repository\org\thymeleaf\thymeleaf\3.0.12.RELEASE\thymeleaf-3.0.12.RELEASE.jar;F:\mvn repository\org\attoparser\attoparser\2.0.5.RELEASE\attoparser-2.0.5.RELEASE.jar;F:\mvn repository\org\unbescape\unbescape\1.1.6.RELEASE\unbescape-1.1.6.RELEASE.jar;F:\mvn repository\org\thymeleaf\extras\thymeleaf-extras-java8time\3.0.4.RELEASE\thymeleaf-extras-java8time-3.0.4.RELEASE.jar;"/>
    <property name="sun.cpu.endian" value="little"/>
    <property name="user.home" value="C:\Users\lxc"/>
    <property name="user.language" value="zh"/>
    <property name="java.specification.vendor" value="Oracle Corporation"/>
    <property name="java.home" value="C:\Program Files\Java\jdk1.8.0_181\jre"/>
    <property name="basedir" value="F:\alipayDemo"/>
    <property name="file.separator" value="\"/>
    <property name="line.separator" value="&#10;"/>
    <property name="java.vm.specification.vendor" value="Oracle Corporation"/>
    <property name="java.specification.name" value="Java Platform API Specification"/>
    <property name="java.awt.graphicsenv" value="sun.awt.Win32GraphicsEnvironment"/>
    <property name="surefire.real.class.path" value="C:\Users\lxc\AppData\Local\Temp\surefire6175359421854074655\surefirebooter3168236118534568611.jar"/>
    <property name="sun.boot.class.path" value="C:\Program Files\Java\jdk1.8.0_181\jre\lib\resources.jar;C:\Program Files\Java\jdk1.8.0_181\jre\lib\rt.jar;C:\Program Files\Java\jdk1.8.0_181\jre\lib\sunrsasign.jar;C:\Program Files\Java\jdk1.8.0_181\jre\lib\jsse.jar;C:\Program Files\Java\jdk1.8.0_181\jre\lib\jce.jar;C:\Program Files\Java\jdk1.8.0_181\jre\lib\charsets.jar;C:\Program Files\Java\jdk1.8.0_181\jre\lib\jfr.jar;C:\Program Files\Java\jdk1.8.0_181\jre\classes"/>
    <property name="user.script" value=""/>
    <property name="sun.management.compiler" value="HotSpot 64-Bit Tiered Compilers"/>
    <property name="java.runtime.version" value="1.8.0_181-b13"/>
    <property name="user.name" value="lxc"/>
    <property name="path.separator" value=";"/>
    <property name="os.version" value="10.0"/>
    <property name="java.endorsed.dirs" value="C:\Program Files\Java\jdk1.8.0_181\jre\lib\endorsed"/>
    <property name="java.runtime.name" value="Java(TM) SE Runtime Environment"/>
    <property name="file.encoding" value="GBK"/>
    <property name="java.vm.name" value="Java HotSpot(TM) 64-Bit Server VM"/>
    <property name="localRepository" value="F:\mvn repository"/>
    <property name="java.vendor.url.bug" value="http://bugreport.sun.com/bugreport/"/>
    <property name="java.io.tmpdir" value="C:\Users\lxc\AppData\Local\Temp\"/>
    <property name="idea.version" value="2017.3.2"/>
    <property name="java.version" value="1.8.0_181"/>
    <property name="user.dir" value="F:\alipayDemo"/>
    <property name="os.arch" value="amd64"/>
    <property name="java.vm.specification.name" value="Java Virtual Machine Specification"/>
    <property name="java.awt.printerjob" value="sun.awt.windows.WPrinterJob"/>
    <property name="sun.os.patch.level" value=""/>
    <property name="java.library.path" value="C:\Program Files\Java\jdk1.8.0_181\jre\bin;C:\WINDOWS\Sun\Java\bin;C:\WINDOWS\system32;C:\WINDOWS;F:\xshell\install\;C:\Program Files (x86)\Common Files\Oracle\Java\javapath;C:\WINDOWS\system32;C:\WINDOWS;C:\WINDOWS\System32\Wbem;C:\WINDOWS\System32\WindowsPowerShell\v1.0\;C:\WINDOWS\System32\OpenSSH\;C:\Program Files\Java\jdk1.8.0_181\bin;F:\apache-maven-3.5.2\bin;F:\git\install\Git\cmd;F:\nodejs\install\;F:\nodejs\node-v14.16.1-x64;F:\nodejs\node-v14.16.1-x64\node-global;C:\Users\lxc\AppData\Local\Microsoft\WindowsApps;C:\Users\lxc\AppData\Roaming\npm;."/>
    <property name="java.vm.info" value="mixed mode"/>
    <property name="java.vendor" value="Oracle Corporation"/>
    <property name="java.vm.version" value="25.181-b13"/>
    <property name="java.ext.dirs" value="C:\Program Files\Java\jdk1.8.0_181\jre\lib\ext;C:\WINDOWS\Sun\Java\lib\ext"/>
    <property name="sun.io.unicode.encoding" value="UnicodeLittle"/>
    <property name="java.class.version" value="52.0"/>
  </properties>
  <testcase name="contextLoads" classname="com.example.alipaydemo.AlipaydemoApplicationTests" time="0.773"/>
</testsuite>